<?xml version="1.0" encoding="UTF-8"?>
<!-- Generated by org.testng.reporters.JUnitXMLReporter -->
<testsuite ignored="0" hostname="DESKTOP-7MVKVCH" failures="1" tests="1" name="EdgeTest" time="0.016" errors="0" timestamp="2025-02-22T17:11:09 IST">
  <testcase classname="testCases.AccountRegistrationTest" name="verify_Account_Registration" time="0.004">
    <failure type="java.lang.AssertionError" message="null">
      <![CDATA[java.lang.AssertionError: null
at testCases.AccountRegistrationTest.verify_Account_Registration(AccountRegistrationTest.java:45)
at java.base/java.util.ArrayList.forEach(ArrayList.java:1597)
... Removed 27 stack frames]]>
    </failure>
  </testcase> <!-- verify_Account_Registration -->
</testsuite> <!-- EdgeTest -->
